<?xml version="1.0" encoding="UTF-8"?>
<!-- Generated by org.testng.reporters.JUnitXMLReporter -->
<testsuite ignored="0" hostname="Atul-Ekta" failures="0" tests="1" name="CromeBrowser" time="24.398" errors="0" timestamp="2023-06-30T17:56:02 IST">
  <testcase classname="Assignments.Amazon_E_Commerce_Project" name="@BeforeClass beforeClass" time="-1.688127938509E9">
    <failure type="org.testng.TestNGException" message="
Parameter &amp;apos;Browser_Name&amp;apos; is required by BeforeClass on method beforeClass but has not been marked @Optional or defined
in C:\Users\Atul\eclipse-workspace1\MySeleniumProject1\Amazon_Cross_Browser_Testing.xml">
      <![CDATA[org.testng.TestNGException: 
Parameter 'Browser_Name' is required by BeforeClass on method beforeClass but has not been marked @Optional or defined
in C:\Users\Atul\eclipse-workspace1\MySeleniumProject1\Amazon_Cross_Browser_Testing.xml
at java.base/java.util.ArrayList.forEach(ArrayList.java:1511)
at java.base/java.util.concurrent.FutureTask.run(FutureTask.java:264)
at java.base/java.util.concurrent.ThreadPoolExecutor.runWorker(ThreadPoolExecutor.java:1136)
at java.base/java.util.concurrent.ThreadPoolExecutor$Worker.run(ThreadPoolExecutor.java:635)
at java.base/java.lang.Thread.run(Thread.java:833)
... Removed 12 stack frames]]>
    </failure>
  </testcase> <!-- @BeforeClass beforeClass -->
  <testcase classname="Assignments.Amazon_E_Commerce_Project" name="@BeforeMethod beforeMethod" time="0.0">
    <skipped/>
  </testcase> <!-- @BeforeMethod beforeMethod -->
  <testcase classname="Assignments.Amazon_E_Commerce_Project" name="@AfterMethod afterMethod" time="0.0">
    <skipped/>
  </testcase> <!-- @AfterMethod afterMethod -->
  <testcase classname="Assignments.Amazon_E_Commerce_Project" name="@AfterClass afterClass" time="0.0">
    <skipped/>
  </testcase> <!-- @AfterClass afterClass -->
  <testcase classname="Assignments.Amazon_E_Commerce_Project_Chrome" name="TestSearchBox" time="6.6"/>
</testsuite> <!-- CromeBrowser -->
