<?xml version="1.0" encoding="UTF-8"?>
<testng-results ignored="0" total="2" passed="1" failed="1" skipped="0">
  <reporter-output>
    <line>
      <![CDATA[TC clickOnAccountAndList is running]]>
    </line>
    <line>
      <![CDATA[TC enterUserID is running]]>
    </line>
    <line>
      <![CDATA[TC clickOnContinueButton is running]]>
    </line>
    <line>
      <![CDATA[TC enterPassword is running]]>
    </line>
    <line>
      <![CDATA[TC clickOnSubmitButton is running]]>
    </line>
    <line>
      <![CDATA[TC searchItem is running]]>
    </line>
    <line>
      <![CDATA[TC clickOnsearchButton is running]]>
    </line>
    <line>
      <![CDATA[TC ProductIphone13mini is running]]>
    </line>
    <line>
      <![CDATA[Test Case TestSearchBox is running successfully]]>
    </line>
    <line>
      <![CDATA[TC validateUserName is running]]>
    </line>
    <line>
      <![CDATA[Test Case validateUserName is Failed]]>
    </line>
    <line>
      <![CDATA[TC mouseHoverToaccountAndList is running]]>
    </line>
    <line>
      <![CDATA[TC clickONlogOutbutton is running]]>
    </line>
  </reporter-output>
  <suite started-at="2023-06-30T22:42:50 IST" name="Default suite" finished-at="2023-06-30T22:44:53 IST" duration-ms="122588">
    <groups>
    </groups>
    <test started-at="2023-06-30T22:42:50 IST" name="Default test" finished-at="2023-06-30T22:44:53 IST" duration-ms="122588">
      <class name="a4TestNGPack.Amazon_E_Commerce_Project_Chrome">
        <test-method is-config="true" signature="beforeClassMethod()[pri:0, instance:a4TestNGPack.Amazon_E_Commerce_Project_Chrome@514646ef]" started-at="2023-06-30T22:42:50 IST" name="beforeClassMethod" finished-at="2023-06-30T22:43:57 IST" duration-ms="67428" status="PASS">
          <reporter-output>
            <line>
              <![CDATA[TC clickOnAccountAndList is running]]>
            </line>
            <line>
              <![CDATA[TC enterUserID is running]]>
            </line>
            <line>
              <![CDATA[TC clickOnContinueButton is running]]>
            </line>
            <line>
              <![CDATA[TC enterPassword is running]]>
            </line>
            <line>
              <![CDATA[TC clickOnSubmitButton is running]]>
            </line>
          </reporter-output>
        </test-method> <!-- beforeClassMethod -->
        <test-method signature="TestSearchBox()[pri:0, instance:a4TestNGPack.Amazon_E_Commerce_Project_Chrome@514646ef]" started-at="2023-06-30T22:43:57 IST" name="TestSearchBox" finished-at="2023-06-30T22:44:49 IST" duration-ms="51988" status="PASS">
          <reporter-output>
            <line>
              <![CDATA[TC searchItem is running]]>
            </line>
            <line>
              <![CDATA[TC clickOnsearchButton is running]]>
            </line>
            <line>
              <![CDATA[TC ProductIphone13mini is running]]>
            </line>
            <line>
              <![CDATA[Test Case TestSearchBox is running successfully]]>
            </line>
          </reporter-output>
        </test-method> <!-- TestSearchBox -->
        <test-method signature="validateUserName()[pri:0, instance:a4TestNGPack.Amazon_E_Commerce_Project_Chrome@514646ef]" started-at="2023-06-30T22:44:49 IST" name="validateUserName" finished-at="2023-06-30T22:44:50 IST" duration-ms="161" status="FAIL">
          <exception class="java.lang.AssertionError">
            <message>
              <![CDATA[Actual and Expected User Names are not equal TC Failed expected [7757013834] but found [Hello, ekta]]]>
            </message>
            <full-stacktrace>
              <![CDATA[java.lang.AssertionError: Actual and Expected User Names are not equal TC Failed expected [7757013834] but found [Hello, ekta]
at org.testng.Assert.fail(Assert.java:111)
at org.testng.Assert.failNotEquals(Assert.java:1578)
at org.testng.Assert.assertEqualsImpl(Assert.java:150)
at org.testng.Assert.assertEquals(Assert.java:132)
at org.testng.Assert.assertEquals(Assert.java:656)
at a4TestNGPack.Amazon_E_Commerce_Project_Chrome.validateUserName(Amazon_E_Commerce_Project_Chrome.java:76)
at java.base/jdk.internal.reflect.NativeMethodAccessorImpl.invoke0(Native Method)
at java.base/jdk.internal.reflect.NativeMethodAccessorImpl.invoke(NativeMethodAccessorImpl.java:77)
at java.base/jdk.internal.reflect.DelegatingMethodAccessorImpl.invoke(DelegatingMethodAccessorImpl.java:43)
at java.base/java.lang.reflect.Method.invoke(Method.java:568)
at org.testng.internal.invokers.MethodInvocationHelper.invokeMethod(MethodInvocationHelper.java:139)
at org.testng.internal.invokers.TestInvoker.invokeMethod(TestInvoker.java:664)
at org.testng.internal.invokers.TestInvoker.invokeTestMethod(TestInvoker.java:227)
at org.testng.internal.invokers.MethodRunner.runInSequence(MethodRunner.java:50)
at org.testng.internal.invokers.TestInvoker$MethodInvocationAgent.invoke(TestInvoker.java:957)
at org.testng.internal.invokers.TestInvoker.invokeTestMethods(TestInvoker.java:200)
at org.testng.internal.invokers.TestMethodWorker.invokeTestMethods(TestMethodWorker.java:148)
at org.testng.internal.invokers.TestMethodWorker.run(TestMethodWorker.java:128)
at java.base/java.util.ArrayList.forEach(ArrayList.java:1511)
at org.testng.TestRunner.privateRun(TestRunner.java:848)
at org.testng.TestRunner.run(TestRunner.java:621)
at org.testng.SuiteRunner.runTest(SuiteRunner.java:443)
at org.testng.SuiteRunner.runSequentially(SuiteRunner.java:437)
at org.testng.SuiteRunner.privateRun(SuiteRunner.java:397)
at org.testng.SuiteRunner.run(SuiteRunner.java:336)
at org.testng.SuiteRunnerWorker.runSuite(SuiteRunnerWorker.java:52)
at org.testng.SuiteRunnerWorker.run(SuiteRunnerWorker.java:95)
at org.testng.TestNG.runSuitesSequentially(TestNG.java:1280)
at org.testng.TestNG.runSuitesLocally(TestNG.java:1200)
at org.testng.TestNG.runSuites(TestNG.java:1114)
at org.testng.TestNG.run(TestNG.java:1082)
at org.testng.remote.AbstractRemoteTestNG.run(AbstractRemoteTestNG.java:115)
at org.testng.remote.RemoteTestNG.initAndRun(RemoteTestNG.java:251)
at org.testng.remote.RemoteTestNG.main(RemoteTestNG.java:77)
]]>
            </full-stacktrace>
          </exception> <!-- java.lang.AssertionError -->
          <reporter-output>
            <line>
              <![CDATA[TC validateUserName is running]]>
            </line>
            <line>
              <![CDATA[Test Case validateUserName is Failed]]>
            </line>
          </reporter-output>
        </test-method> <!-- validateUserName -->
        <test-method is-config="true" signature="afterClassM()[pri:0, instance:a4TestNGPack.Amazon_E_Commerce_Project_Chrome@514646ef]" started-at="2023-06-30T22:44:50 IST" name="afterClassM" finished-at="2023-06-30T22:44:53 IST" duration-ms="2714" status="PASS">
          <reporter-output>
            <line>
              <![CDATA[TC mouseHoverToaccountAndList is running]]>
            </line>
            <line>
              <![CDATA[TC clickONlogOutbutton is running]]>
            </line>
          </reporter-output>
        </test-method> <!-- afterClassM -->
      </class> <!-- a4TestNGPack.Amazon_E_Commerce_Project_Chrome -->
    </test> <!-- Default test -->
  </suite> <!-- Default suite -->
</testng-results>
