<?xml version="1.0" encoding="UTF-8"?>
<!-- Generated by org.testng.reporters.JUnitReportReporter -->
<testsuite hostname="Atul-Ekta" failures="0" tests="2" name="Assignments.Amazon_E_Commerce_Project" time="-1688127872.000" errors="1" timestamp="2023-06-30T17:56:03 IST" skipped="1">
  <testcase classname="Assignments.Amazon_E_Commerce_Project" name="beforeClass" time="-1688127872.000">
    <error message="
Parameter &#039;Browser_Name&#039; is required by BeforeClass on method beforeClass but has not been marked @Optional or defined
in C:\Users\Atul\eclipse-workspace1\MySeleniumProject1\Amazon_Cross_Browser_Testing.xml" type="org.testng.TestNGException">
      <![CDATA[org.testng.TestNGException: 
Parameter 'Browser_Name' is required by BeforeClass on method beforeClass but has not been marked @Optional or defined
in C:\Users\Atul\eclipse-workspace1\MySeleniumProject1\Amazon_Cross_Browser_Testing.xml
at org.testng.internal.Parameters.createParams(Parameters.java:267)
at org.testng.internal.Parameters.createParametersForMethod(Parameters.java:355)
at org.testng.internal.Parameters.createParameters(Parameters.java:684)
at org.testng.internal.Parameters.createConfigurationParameters(Parameters.java:166)
at org.testng.internal.invokers.ConfigInvoker.invokeConfigurations(ConfigInvoker.java:306)
at org.testng.internal.invokers.TestMethodWorker.invokeBeforeClassMethods(TestMethodWorker.java:180)
at org.testng.internal.invokers.TestMethodWorker.run(TestMethodWorker.java:122)
at java.base/java.util.ArrayList.forEach(ArrayList.java:1511)
at org.testng.TestRunner.privateRun(TestRunner.java:848)
at org.testng.TestRunner.run(TestRunner.java:621)
at org.testng.SuiteRunner.runTest(SuiteRunner.java:443)
at org.testng.SuiteRunner$SuiteWorker.run(SuiteRunner.java:481)
at org.testng.internal.thread.ThreadUtil.lambda$execute$0(ThreadUtil.java:58)
at java.base/java.util.concurrent.FutureTask.run(FutureTask.java:264)
at java.base/java.util.concurrent.ThreadPoolExecutor.runWorker(ThreadPoolExecutor.java:1136)
at java.base/java.util.concurrent.ThreadPoolExecutor$Worker.run(ThreadPoolExecutor.java:635)
at java.base/java.lang.Thread.run(Thread.java:833)
]]>
    </error>
  </testcase> <!-- beforeClass -->
  <testcase classname="Assignments.Amazon_E_Commerce_Project" name="TestSearchBox" time="0.000">
    <skipped/>
  </testcase> <!-- TestSearchBox -->
</testsuite> <!-- Assignments.Amazon_E_Commerce_Project -->
